<?xml version="1.0" encoding="UTF-8"?>
<!-- Generated by org.testng.reporters.JUnitReportReporter -->
<testsuite hostname="IBS-LAP-324" failures="0" tests="1" name="cucumberOptions.TestRunner" time="42.017" errors="0" timestamp="2024-07-11T22:07:21 IST" skipped="0">
  <testcase classname="cucumberOptions.TestRunner" name="runScenario" time="42.017"/>
</testsuite> <!-- cucumberOptions.TestRunner -->
