<?xml version="1.0" encoding="UTF-8"?>
<!-- Generated by org.testng.reporters.JUnitReportReporter -->
<testsuite hostname="IBS-LAP-324" failures="0" tests="1" name="cucumberOptions.TestRunner" time="16.170" errors="0" timestamp="2024-05-16T16:14:17 IST" skipped="0">
  <testcase classname="cucumberOptions.TestRunner" name="runScenario" time="16.170"/>
</testsuite> <!-- cucumberOptions.TestRunner -->
