<?xml version="1.0" encoding="UTF-8"?>
<!-- Generated by org.testng.reporters.JUnitReportReporter -->
<testsuite hostname="IBS-LAP-324" failures="0" tests="1" name="cucumberOptions.TestRunner" time="64.612" errors="0" timestamp="2024-07-04T18:46:48 IST" skipped="0">
  <testcase classname="cucumberOptions.TestRunner" name="runScenario" time="64.612"/>
</testsuite> <!-- cucumberOptions.TestRunner -->
