<?xml version="1.0" encoding="UTF-8"?>
<!-- Generated by org.testng.reporters.JUnitReportReporter -->
<testsuite hostname="IBS-LAP-324" failures="0" tests="1" name="cucumberOptions.TestRunner" time="164.762" errors="0" timestamp="2024-05-11T00:04:23 IST" skipped="0">
  <testcase classname="cucumberOptions.TestRunner" name="runScenario" time="164.762"/>
</testsuite> <!-- cucumberOptions.TestRunner -->
