<?xml version="1.0" encoding="UTF-8"?>
<!-- Generated by org.testng.reporters.JUnitReportReporter -->
<testsuite hostname="IBS-LAP-324" failures="0" tests="2" name="cucumberOptions.TestRunner" time="67.366" errors="0" timestamp="2024-05-03T17:20:35 IST" skipped="0">
  <testcase classname="cucumberOptions.TestRunner" name="runScenario" time="32.294"/>
  <testcase classname="cucumberOptions.TestRunner" name="runScenario" time="35.072"/>
</testsuite> <!-- cucumberOptions.TestRunner -->
