<?xml version="1.0" encoding="UTF-8"?>
<!-- Generated by org.testng.reporters.JUnitReportReporter -->
<testsuite hostname="IBS-LAP-324" failures="0" tests="1" name="cucumberOptions.TestRunner" time="43.354" errors="0" timestamp="2024-05-07T15:11:14 IST" skipped="0">
  <testcase classname="cucumberOptions.TestRunner" name="runScenario" time="43.354"/>
</testsuite> <!-- cucumberOptions.TestRunner -->
