<?xml version="1.0" encoding="UTF-8"?>
<!-- Generated by org.testng.reporters.JUnitReportReporter -->
<testsuite hostname="IBS-LAP-324" failures="0" tests="1" name="cucumberOptions.TestRunner" time="161.694" errors="0" timestamp="2024-06-05T20:06:46 IST" skipped="0">
  <testcase classname="cucumberOptions.TestRunner" name="runScenario" time="161.694"/>
</testsuite> <!-- cucumberOptions.TestRunner -->
