<?xml version="1.0" encoding="UTF-8"?>
<!-- Generated by org.testng.reporters.JUnitReportReporter -->
<testsuite hostname="IBS-LAP-324" failures="0" tests="1" name="cucumberOptions.TestRunner" time="54.872" errors="0" timestamp="2024-06-18T21:10:21 IST" skipped="0">
  <testcase classname="cucumberOptions.TestRunner" name="runScenario" time="54.872"/>
</testsuite> <!-- cucumberOptions.TestRunner -->
