<?xml version="1.0" encoding="UTF-8"?>
<!-- Generated by org.testng.reporters.JUnitReportReporter -->
<testsuite hostname="IBS-LAP-324" failures="0" tests="1" name="cucumberOptions.TestRunner" time="31.977" errors="0" timestamp="2024-04-17T19:35:09 IST" skipped="0">
  <testcase classname="cucumberOptions.TestRunner" name="runScenario" time="31.977"/>
</testsuite> <!-- cucumberOptions.TestRunner -->
