<?xml version="1.0" encoding="UTF-8"?>
<!-- Generated by org.testng.reporters.JUnitReportReporter -->
<testsuite hostname="IBS-LAP-324" failures="0" tests="1" name="cucumberOptions.TestRunner" time="67.576" errors="0" timestamp="2024-04-29T18:33:43 IST" skipped="0">
  <testcase classname="cucumberOptions.TestRunner" name="runScenario" time="67.576"/>
</testsuite> <!-- cucumberOptions.TestRunner -->
