<?xml version="1.0" encoding="UTF-8"?>
<!-- Generated by org.testng.reporters.JUnitReportReporter -->
<testsuite hostname="IBS-LAP-324" failures="0" tests="13" name="cucumberOptions.TestRunner" time="324.025" errors="0" timestamp="2024-04-17T12:25:28 IST" skipped="0">
  <testcase classname="cucumberOptions.TestRunner" name="runScenario" time="26.548"/>
  <testcase classname="cucumberOptions.TestRunner" name="runScenario" time="42.538"/>
  <testcase classname="cucumberOptions.TestRunner" name="runScenario" time="25.634"/>
  <testcase classname="cucumberOptions.TestRunner" name="runScenario" time="21.392"/>
  <testcase classname="cucumberOptions.TestRunner" name="runScenario" time="10.759"/>
  <testcase classname="cucumberOptions.TestRunner" name="runScenario" time="12.569"/>
  <testcase classname="cucumberOptions.TestRunner" name="runScenario" time="12.442"/>
  <testcase classname="cucumberOptions.TestRunner" name="runScenario" time="28.158"/>
  <testcase classname="cucumberOptions.TestRunner" name="runScenario" time="30.577"/>
  <testcase classname="cucumberOptions.TestRunner" name="runScenario" time="24.597"/>
  <testcase classname="cucumberOptions.TestRunner" name="runScenario" time="38.404"/>
  <testcase classname="cucumberOptions.TestRunner" name="runScenario" time="27.331"/>
  <testcase classname="cucumberOptions.TestRunner" name="runScenario" time="23.076"/>
</testsuite> <!-- cucumberOptions.TestRunner -->
