<?xml version="1.0" encoding="UTF-8"?>
<!-- Generated by org.testng.reporters.JUnitReportReporter -->
<testsuite hostname="IBS-LAP-324" failures="0" tests="1" name="cucumberOptions.TestRunner" time="21.155" errors="0" timestamp="2024-05-27T19:59:59 IST" skipped="0">
  <testcase classname="cucumberOptions.TestRunner" name="runScenario" time="21.155"/>
</testsuite> <!-- cucumberOptions.TestRunner -->
