<?xml version="1.0" encoding="UTF-8"?>
<!-- Generated by org.testng.reporters.JUnitReportReporter -->
<testsuite hostname="IBS-LAP-324" failures="0" tests="1" name="cucumberOptions.TestRunner" time="35.447" errors="0" timestamp="2024-04-18T19:26:01 IST" skipped="0">
  <testcase classname="cucumberOptions.TestRunner" name="runScenario" time="35.447"/>
</testsuite> <!-- cucumberOptions.TestRunner -->
